0 verbose cli /usr/local/bin/node /usr/local/lib/node_modules/npm/bin/npm-cli.js
1 info using npm@11.6.2
2 info using node@v24.11.1
3 silly config load:file:/usr/local/lib/node_modules/npm/npmrc
4 silly config load:file:/Users/ribasrodrigo91/Documents/GitHub/Adventure Labs/lidera-space/.npmrc
5 silly config load:file:/Users/ribasrodrigo91/.npmrc
6 silly config load:file:/usr/local/etc/npmrc
7 verbose title npm exec shadcn@latest add button input label card form -y
8 verbose argv "exec" "--" "shadcn@latest" "add" "button" "input" "label" "card" "form" "-y"
9 verbose logfile logs-max:10 dir:/Users/ribasrodrigo91/Documents/GitHub/Adventure Labs/lidera-space/.npm-cache/_logs/2026-03-01T19_58_29_874Z-
10 verbose logfile /Users/ribasrodrigo91/Documents/GitHub/Adventure Labs/lidera-space/.npm-cache/_logs/2026-03-01T19_58_29_874Z-debug-0.log
11 silly logfile start cleaning logs, removing 1 files
12 silly logfile done cleaning log files
13 silly packumentCache heap:4496293888 maxSize:1124073472 maxEntrySize:562036736
14 http fetch GET 200 https://registry.npmjs.org/shadcn 72ms (cache revalidated)
15 verbose cwd /Users/ribasrodrigo91/Documents/GitHub/Adventure Labs/lidera-space
16 verbose os Darwin 24.6.0
17 verbose node v24.11.1
18 verbose npm  v11.6.2
19 verbose exit 0
20 info ok
