0 verbose cli /usr/local/bin/node /usr/local/lib/node_modules/npm/bin/npm-cli.js
1 info using npm@11.6.2
2 info using node@v24.11.1
3 silly config load:file:/usr/local/lib/node_modules/npm/npmrc
4 silly config load:file:/Users/ribasrodrigo91/Documents/GitHub/Adventure Labs/lidera-space/.npmrc
5 silly config load:file:/Users/ribasrodrigo91/.npmrc
6 silly config load:file:/usr/local/etc/npmrc
7 verbose title npm exec vercel link --scope team_O8xJl9VAjaBleUkQsyzp30Xo --yes
8 verbose argv "exec" "--" "vercel" "link" "--scope" "team_O8xJl9VAjaBleUkQsyzp30Xo" "--yes"
9 verbose logfile logs-max:10 dir:/Users/ribasrodrigo91/Documents/GitHub/Adventure Labs/lidera-space/.npm-cache/_logs/2026-03-02T13_40_46_888Z-
10 verbose logfile /Users/ribasrodrigo91/Documents/GitHub/Adventure Labs/lidera-space/.npm-cache/_logs/2026-03-02T13_40_46_888Z-debug-0.log
11 silly logfile start cleaning logs, removing 1 files
12 silly logfile done cleaning log files
13 silly packumentCache heap:4496293888 maxSize:1124073472 maxEntrySize:562036736
14 verbose shrinkwrap failed to load node_modules/.package-lock.json out of date, updated: node_modules
15 http fetch GET 200 https://registry.npmjs.org/vercel 85ms (cache revalidated)
16 silly packumentCache heap:4496293888 maxSize:1124073472 maxEntrySize:562036736
17 silly packumentCache heap:4496293888 maxSize:1124073472 maxEntrySize:562036736
18 verbose cwd /Users/ribasrodrigo91/Documents/GitHub/Adventure Labs/lidera-space
19 verbose os Darwin 24.6.0
20 verbose node v24.11.1
21 verbose npm  v11.6.2
22 verbose exit 0
23 info ok
